[2m2025-09-30T15:05:09.694819Z[0m [31mERROR[0m [2mglazewm[0m[2m:[0m Failed to execute 'zebar'.

Error: Operazione annullata dall'utente. (0x800704C7)
[2m2025-09-30T15:26:07.960246Z[0m [31mERROR[0m [2mglazewm[0m[2m:[0m Failed to execute 'Everything'.

Error: Operazione annullata dall'utente. (0x800704C7)
[2m2025-09-30T15:27:04.226220Z[0m [31mERROR[0m [2mglazewm[0m[2m:[0m Failed to execute 'NeatDM'.

Error: Operazione annullata dall'utente. (0x800704C7)
[2m2025-09-30T15:33:30.914393Z[0m [31mERROR[0m [2mglazewm[0m[2m:[0m Failed to execute 'zen'.

Error: Operazione annullata dall'utente. (0x800704C7)
[2m2025-09-30T16:04:03.160120Z[0m [31mERROR[0m [2mglazewm[0m[2m:[0m No common ancestor between containers.
[2m2025-09-30T17:23:41.197749Z[0m [31mERROR[0m [2mglazewm[0m[2m:[0m Another instance of the application is already running.
[2m2025-10-01T13:49:49.761306Z[0m [31mERROR[0m [2mglazewm[0m[2m:[0m Failed to execute 'whatsapp'.

Error: Operazione annullata dall'utente. (0x800704C7)
[2m2025-10-01T13:50:06.279930Z[0m [31mERROR[0m [2mglazewm[0m[2m:[0m Failed to execute 'whatsapp'.

Error: Operazione annullata dall'utente. (0x800704C7)
[2m2025-10-01T15:42:02.570785Z[0m [31mERROR[0m [2mglazewm[0m[2m:[0m Another instance of the application is already running.
[2m2025-10-01T15:42:17.936889Z[0m [31mERROR[0m [2mglazewm[0m[2m:[0m Failed to execute 'steam'.

Error: Operazione annullata dall'utente. (0x800704C7)
[2m2025-10-01T15:42:23.697111Z[0m [31mERROR[0m [2mglazewm[0m[2m:[0m Failed to execute 'steam'.

Error: Operazione annullata dall'utente. (0x800704C7)
[2m2025-10-01T18:18:12.179156Z[0m [31mERROR[0m [2mglazewm[0m[2m:[0m No common ancestor between containers.
[2m2025-10-01T18:21:51.081770Z[0m [31mERROR[0m [2mglazewm[0m[2m:[0m No common ancestor between containers.
[2m2025-10-01T18:22:01.762145Z[0m [31mERROR[0m [2mglazewm[0m[2m:[0m No common ancestor between containers.
[2m2025-10-01T18:24:13.200352Z[0m [31mERROR[0m [2mglazewm[0m[2m:[0m No common ancestor between containers.
[2m2025-10-01T18:24:42.439332Z[0m [31mERROR[0m [2mglazewm[0m[2m:[0m No common ancestor between containers.
[2m2025-10-01T18:24:55.196214Z[0m [31mERROR[0m [2mglazewm[0m[2m:[0m No common ancestor between containers.
[2m2025-10-01T18:25:00.779658Z[0m [31mERROR[0m [2mglazewm[0m[2m:[0m No common ancestor between containers.
[2m2025-10-02T17:07:14.136674Z[0m [31mERROR[0m [2mglazewm[0m[2m:[0m Another instance of the application is already running.
[2m2025-10-19T14:04:43.313710Z[0m [31mERROR[0m [2mglazewm[0m[2m:[0m Another instance of the application is already running.
[2m2025-10-19T14:13:39.887672Z[0m [31mERROR[0m [2mglazewm[0m[2m:[0m No common ancestor between containers.
[2m2025-10-19T14:14:40.339278Z[0m [31mERROR[0m [2mglazewm[0m[2m:[0m Failed to execute 'whatsapp'.

Error: Operazione annullata dall'utente. (0x800704C7)
[2m2025-10-19T14:15:03.618471Z[0m [31mERROR[0m [2mglazewm[0m[2m:[0m Failed to execute 'Discord'.

Error: Operazione annullata dall'utente. (0x800704C7)
[2m2025-10-19T14:29:08.402174Z[0m [31mERROR[0m [2mglazewm[0m[2m:[0m Another instance of the application is already running.
[2m2025-10-20T17:33:53.729346Z[0m [31mERROR[0m [2mglazewm[0m[2m:[0m Failed to execute 'whatsapp'.

Error: Operazione annullata dall'utente. (0x800704C7)
[2m2025-10-21T17:42:34.324640Z[0m [31mERROR[0m [2mglazewm[0m[2m:[0m Another instance of the application is already running.
[2m2025-10-21T17:51:31.327943Z[0m [31mERROR[0m [2mglazewm[0m[2m:[0m Another instance of the application is already running.
[2m2025-10-24T22:57:11.934838Z[0m [31mERROR[0m [2mglazewm[0m[2m:[0m Failed to execute 'whatsapp'.

Error: Operazione annullata dall'utente. (0x800704C7)
[2m2025-10-28T18:53:32.643800Z[0m [31mERROR[0m [2mglazewm[0m[2m:[0m No common ancestor between containers.
